<?xml version="1.0" encoding="UTF-8" ?>
<testsuite errors="0" skipped="0" tests="1" time="1.875" failures="0" name="org.hibernate.tutorials.StoreTest">
  <properties>
    <property value="Java(TM) 2 Runtime Environment, Standard Edition" name="java.runtime.name"/>
    <property value="C:\java\jdk1.5.0_20\jre\bin" name="sun.boot.library.path"/>
    <property value="1.5.0_20-b02" name="java.vm.version"/>
    <property value="Sun Microsystems Inc." name="java.vm.vendor"/>
    <property value="http://java.sun.com/" name="java.vendor.url"/>
    <property value=";" name="path.separator"/>
    <property value="Java HotSpot(TM) Client VM" name="java.vm.name"/>
    <property value="sun.io" name="file.encoding.pkg"/>
    <property value="BR" name="user.country"/>
    <property value="SUN_STANDARD" name="sun.java.launcher"/>
    <property value="Service Pack 3" name="sun.os.patch.level"/>
    <property value="Java Virtual Machine Specification" name="java.vm.specification.name"/>
    <property value="C:\java\hibernate-tutorial" name="user.dir"/>
    <property value="1.5.0_20-b02" name="java.runtime.version"/>
    <property value="sun.awt.Win32GraphicsEnvironment" name="java.awt.graphicsenv"/>
    <property value="C:\java\hibernate-tutorial" name="basedir"/>
    <property value="C:\java\jdk1.5.0_20\jre\lib\endorsed" name="java.endorsed.dirs"/>
    <property value="x86" name="os.arch"/>
    <property value="C:\DOCUME~1\rcintra\CONFIG~1\Temp\surefirebooter460447000040271642.jar" name="surefire.real.class.path"/>
    <property value="C:\DOCUME~1\rcintra\CONFIG~1\Temp\" name="java.io.tmpdir"/>
    <property value="
" name="line.separator"/>
    <property value="Sun Microsystems Inc." name="java.vm.specification.vendor"/>
    <property value="" name="user.variant"/>
    <property value="Windows XP" name="os.name"/>
    <property value="Cp1252" name="sun.jnu.encoding"/>
    <property value="C:\java\jdk1.5.0_20\jre\bin;.;C:\WINDOWS\system32;C:\WINDOWS;c:\ruby-1.9.0\bin;C:\WINDOWS\system32;C:\WINDOWS;C:\WINDOWS\System32\Wbem;C:\java\jdk1.6.0_11\bin;C:\unrar-3.4.3-bin\bin;c:\wget\bin;C:\java\apache-maven-2.2.1\bin;C:\java\groovy-1.7.0\bin;C:\java\grails-1.2.0\bin;C:\java\spring-roo-1.0.0.RELEASE\bin;C:\svn-win32-1.5.6\bin;C:\Arquivos de programas\QuickTime\QTSystem\;C:\java\android-sdk-windows\tools;C:\jruby-1.4.0\bin;C:\java\Sun\AppServer\bin" name="java.library.path"/>
    <property value="C:\java\hibernate-tutorial\target\test-classes;C:\java\hibernate-tutorial\target\classes;C:\Documents and Settings\rcintra\.m2\repository\junit\junit\3.8.1\junit-3.8.1.jar;C:\Documents and Settings\rcintra\.m2\repository\org\hibernate\hibernate-core\3.5.0-Final\hibernate-core-3.5.0-Final.jar;C:\Documents and Settings\rcintra\.m2\repository\antlr\antlr\2.7.6\antlr-2.7.6.jar;C:\Documents and Settings\rcintra\.m2\repository\commons-collections\commons-collections\3.1\commons-collections-3.1.jar;C:\Documents and Settings\rcintra\.m2\repository\dom4j\dom4j\1.6.1\dom4j-1.6.1.jar;C:\Documents and Settings\rcintra\.m2\repository\xml-apis\xml-apis\1.0.b2\xml-apis-1.0.b2.jar;C:\Documents and Settings\rcintra\.m2\repository\javax\transaction\jta\1.1\jta-1.1.jar;C:\Documents and Settings\rcintra\.m2\repository\org\slf4j\slf4j-api\1.5.8\slf4j-api-1.5.8.jar;C:\Documents and Settings\rcintra\.m2\repository\org\slf4j\slf4j-simple\1.5.8\slf4j-simple-1.5.8.jar;C:\Documents and Settings\rcintra\.m2\repository\javassist\javassist\3.8.1.GA\javassist-3.8.1.GA.jar;C:\Documents and Settings\rcintra\.m2\repository\hsqldb\hsqldb\1.8.0.1\hsqldb-1.8.0.1.jar;" name="surefire.test.class.path"/>
    <property value="Java Platform API Specification" name="java.specification.name"/>
    <property value="49.0" name="java.class.version"/>
    <property value="HotSpot Client Compiler" name="sun.management.compiler"/>
    <property value="5.1" name="os.version"/>
    <property value="C:\Documents and Settings\rcintra" name="user.home"/>
    <property value="" name="user.timezone"/>
    <property value="sun.awt.windows.WPrinterJob" name="java.awt.printerjob"/>
    <property value="1.5" name="java.specification.version"/>
    <property value="Cp1252" name="file.encoding"/>
    <property value="rcintra" name="user.name"/>
    <property value="C:\java\hibernate-tutorial\target\test-classes;C:\java\hibernate-tutorial\target\classes;C:\Documents and Settings\rcintra\.m2\repository\junit\junit\3.8.1\junit-3.8.1.jar;C:\Documents and Settings\rcintra\.m2\repository\org\hibernate\hibernate-core\3.5.0-Final\hibernate-core-3.5.0-Final.jar;C:\Documents and Settings\rcintra\.m2\repository\antlr\antlr\2.7.6\antlr-2.7.6.jar;C:\Documents and Settings\rcintra\.m2\repository\commons-collections\commons-collections\3.1\commons-collections-3.1.jar;C:\Documents and Settings\rcintra\.m2\repository\dom4j\dom4j\1.6.1\dom4j-1.6.1.jar;C:\Documents and Settings\rcintra\.m2\repository\xml-apis\xml-apis\1.0.b2\xml-apis-1.0.b2.jar;C:\Documents and Settings\rcintra\.m2\repository\javax\transaction\jta\1.1\jta-1.1.jar;C:\Documents and Settings\rcintra\.m2\repository\org\slf4j\slf4j-api\1.5.8\slf4j-api-1.5.8.jar;C:\Documents and Settings\rcintra\.m2\repository\org\slf4j\slf4j-simple\1.5.8\slf4j-simple-1.5.8.jar;C:\Documents and Settings\rcintra\.m2\repository\javassist\javassist\3.8.1.GA\javassist-3.8.1.GA.jar;C:\Documents and Settings\rcintra\.m2\repository\hsqldb\hsqldb\1.8.0.1\hsqldb-1.8.0.1.jar;" name="java.class.path"/>
    <property value="1.0" name="java.vm.specification.version"/>
    <property value="32" name="sun.arch.data.model"/>
    <property value="C:\java\jdk1.5.0_20\jre" name="java.home"/>
    <property value="Sun Microsystems Inc." name="java.specification.vendor"/>
    <property value="pt" name="user.language"/>
    <property value="sun.awt.windows.WToolkit" name="awt.toolkit"/>
    <property value="mixed mode" name="java.vm.info"/>
    <property value="1.5.0_20" name="java.version"/>
    <property value="C:\java\jdk1.5.0_20\jre\lib\ext" name="java.ext.dirs"/>
    <property value="C:\java\jdk1.5.0_20\jre\lib\rt.jar;C:\java\jdk1.5.0_20\jre\lib\i18n.jar;C:\java\jdk1.5.0_20\jre\lib\sunrsasign.jar;C:\java\jdk1.5.0_20\jre\lib\jsse.jar;C:\java\jdk1.5.0_20\jre\lib\jce.jar;C:\java\jdk1.5.0_20\jre\lib\charsets.jar;C:\java\jdk1.5.0_20\jre\classes" name="sun.boot.class.path"/>
    <property value="Sun Microsystems Inc." name="java.vendor"/>
    <property value="C:\Documents and Settings\rcintra\.m2\repository" name="localRepository"/>
    <property value="\" name="file.separator"/>
    <property value="http://java.sun.com/cgi-bin/bugreport.cgi" name="java.vendor.url.bug"/>
    <property value="little" name="sun.cpu.endian"/>
    <property value="UnicodeLittle" name="sun.io.unicode.encoding"/>
    <property value="windows" name="sun.desktop"/>
    <property value="" name="sun.cpu.isalist"/>
  </properties>
  <testcase classname="org.hibernate.tutorials.StoreTest" time="1.828" name="testCreateStore"/>
</testsuite>